C:\Для универа\Программирование\II курс\Лаба1\LABA1\LABA1\DEBUG\MNOG.OBJ
C:\Для универа\Программирование\II курс\Лаба1\LABA1\LABA1\DEBUG\W_CODE.OBJ
C:\ДЛЯ УНИВЕРА\ПРОГРАММИРОВАНИЕ\II КУРС\ЛАБА1\LABA1\LABA1\DEBUG\VC110.PDB
C:\Для универа\Программирование\II курс\Лаба1\LABA1\DEBUG\LABA1.ILK
C:\Для универа\Программирование\II курс\Лаба1\LABA1\DEBUG\LABA1.EXE
C:\ДЛЯ УНИВЕРА\ПРОГРАММИРОВАНИЕ\II КУРС\ЛАБА1\LABA1\DEBUG\LABA1.PDB
C:\Для универа\Программирование\II курс\Лаба1\laba1\laba1\Debug\Mnog.obj
C:\Для универа\Программирование\II курс\Лаба1\laba1\laba1\Debug\w_code.obj
C:\Для универа\Программирование\II курс\Лаба1\laba1\laba1\Debug\cl.command.1.tlog
C:\Для универа\Программирование\II курс\Лаба1\laba1\laba1\Debug\CL.read.1.tlog
C:\Для универа\Программирование\II курс\Лаба1\laba1\laba1\Debug\CL.write.1.tlog
C:\Для универа\Программирование\II курс\Лаба1\laba1\laba1\Debug\link-cvtres.read.1.tlog
C:\Для универа\Программирование\II курс\Лаба1\laba1\laba1\Debug\link-cvtres.write.1.tlog
C:\Для универа\Программирование\II курс\Лаба1\laba1\laba1\Debug\link-rc.read.1.tlog
C:\Для универа\Программирование\II курс\Лаба1\laba1\laba1\Debug\link-rc.write.1.tlog
C:\Для универа\Программирование\II курс\Лаба1\laba1\laba1\Debug\link.command.1.tlog
C:\Для универа\Программирование\II курс\Лаба1\laba1\laba1\Debug\link.read.1.tlog
C:\Для универа\Программирование\II курс\Лаба1\laba1\laba1\Debug\link.write.1.tlog
C:\Для универа\Программирование\II курс\Лаба1\laba1\laba1\Debug\vc110.idb
C:\Для универа\Программирование\II курс\Лаба1\laba1\laba1\Debug\vc110.pdb
C:\Для универа\Программирование\II курс\Лаба1\laba1\Debug\laba1.pdb
C:\Для универа\Программирование\II курс\Лаба1\laba1\Debug\laba1.exe
C:\Для универа\Программирование\II курс\Лаба1\laba1\Debug\laba1.ilk
